2021-05-04 08:53:29.306  INFO 5416 --- [main] be.willekens.template.Application        : Starting Application using Java 15.0.2 on FIN-CBQMTT2 with PID 5416 (C:\_development\.projects\template\application\target\classes started by rwilleke in C:\_development\.projects\template)
2021-05-04 08:53:29.323  INFO 5416 --- [main] be.willekens.template.Application        : No active profile set, falling back to default profiles: default
2021-05-04 08:53:37.365  INFO 5416 --- [main] trationDelegate$BeanPostProcessorChecker : Bean 'org.springframework.security.access.expression.method.DefaultMethodSecurityExpressionHandler@1cc3f27' of type [org.springframework.security.access.expression.method.DefaultMethodSecurityExpressionHandler] is not eligible for getting processed by all BeanPostProcessors (for example: not eligible for auto-proxying)
2021-05-04 08:53:37.377  INFO 5416 --- [main] trationDelegate$BeanPostProcessorChecker : Bean 'methodSecurityMetadataSource' of type [org.springframework.security.access.method.DelegatingMethodSecurityMetadataSource] is not eligible for getting processed by all BeanPostProcessors (for example: not eligible for auto-proxying)
2021-05-04 08:53:38.976  INFO 5416 --- [main] o.s.b.w.embedded.tomcat.TomcatWebServer  : Tomcat initialized with port(s): 5050 (http)
2021-05-04 08:53:39.000  INFO 5416 --- [main] o.apache.catalina.core.StandardService   : Starting service [Tomcat]
2021-05-04 08:53:39.001  INFO 5416 --- [main] org.apache.catalina.core.StandardEngine  : Starting Servlet engine: [Apache Tomcat/9.0.43]
2021-05-04 08:53:39.185  INFO 5416 --- [main] o.a.c.c.C.[Tomcat].[localhost].[/]       : Initializing Spring embedded WebApplicationContext
2021-05-04 08:53:39.186  INFO 5416 --- [main] w.s.c.ServletWebServerApplicationContext : Root WebApplicationContext: initialization completed in 9716 ms
2021-05-04 08:53:41.055  INFO 5416 --- [main] o.s.s.web.DefaultSecurityFilterChain     : Will secure any request with [org.springframework.security.web.context.request.async.WebAsyncManagerIntegrationFilter@3bb39a, org.springframework.security.web.context.SecurityContextPersistenceFilter@3b953c, org.springframework.security.web.header.HeaderWriterFilter@1b8ead8, org.springframework.web.filter.CorsFilter@1e3b052, org.springframework.security.web.authentication.logout.LogoutFilter@15f6681, be.willekens.template.security.JwtAuthenticationFilter@13c8b60, be.willekens.template.security.JwtAuthorizationFilter@bbaab3, org.springframework.security.web.savedrequest.RequestCacheAwareFilter@1a16eb3, org.springframework.security.web.servletapi.SecurityContextHolderAwareRequestFilter@4372d0, org.springframework.security.web.authentication.AnonymousAuthenticationFilter@1357c9d, org.springframework.security.web.session.SessionManagementFilter@e807e2, org.springframework.security.web.access.ExceptionTranslationFilter@1b31455, org.springframework.security.web.access.intercept.FilterSecurityInterceptor@ccd75c]
2021-05-04 08:53:41.126  INFO 5416 --- [main] o.s.s.concurrent.ThreadPoolTaskExecutor  : Initializing ExecutorService 'applicationTaskExecutor'
2021-05-04 08:53:41.422  INFO 5416 --- [main] o.s.b.w.embedded.tomcat.TomcatWebServer  : Tomcat started on port(s): 5050 (http) with context path ''
2021-05-04 08:53:41.985  INFO 5416 --- [main] be.willekens.template.Application        : Started Application in 14.275 seconds (JVM running for 17.702)
2021-05-04 08:55:19.019  INFO 5416 --- [http-nio-5050-exec-2] o.a.c.c.C.[Tomcat].[localhost].[/]       : Initializing Spring DispatcherServlet 'dispatcherServlet'
2021-05-04 08:55:19.019  INFO 5416 --- [http-nio-5050-exec-2] o.s.web.servlet.DispatcherServlet        : Initializing Servlet 'dispatcherServlet'
2021-05-04 08:55:19.021  INFO 5416 --- [http-nio-5050-exec-2] o.s.web.servlet.DispatcherServlet        : Completed initialization in 1 ms
2021-05-04 08:55:19.291  INFO 5416 --- [http-nio-5050-exec-2] b.w.t.a.controllers.CustomerController   : A user is requesting to create a new member account
2021-05-04 09:01:14.596  INFO 5416 --- [http-nio-5050-exec-6] b.w.t.a.controllers.CustomerController   : An admin is requesting to view a specific customer with id fa8e6a42-3703-46a5-b68a-41e8a7737b0a
2021-05-04 09:01:14.603  WARN 5416 --- [http-nio-5050-exec-6] b.w.template.service.CustomerService     : A admin tried to view a customer with id fa8e6a42-3703-46a5-b68a-41e8a7737b0a
2021-05-04 09:01:14.611 ERROR 5416 --- [http-nio-5050-exec-6] b.w.t.a.c.c.ControllerExceptions         : The user tried access a customer that does not exist
2021-05-04 09:01:27.944  INFO 5416 --- [http-nio-5050-exec-7] b.w.t.a.controllers.CustomerController   : An admin is requesting to view all customers
2021-05-04 09:01:38.525  WARN 5416 --- [http-nio-5050-exec-8] b.w.t.security.JwtAuthorizationFilter    : Request to parse JWT with invalid signature : Bearer eyJ0eXAiOiJKV1QiLCJhbGciOiJIUzUxMiJ9.eyJpc3MiOiJzZWN1cmUtYXBpIiwiYXVkIjoic2VjdXJlLWFwcCIsInN1YiI6InJhZmFlbCIsImV4cCI6MTYyMDExNTI1NCwicm9sIjpbeyJhdXRob3JpdHkiOiJDUkVBVEVfSVRFTSJ9LHsiYXV0aG9yaXR5IjoiQ0hFQ0tfU1RPQ0sifSx7ImF1dGhvcml0eSI6IkdFVF9BTExfQ1VTVE9NRVJTIn0seyJhdXRob3JpdHkiOiJHRVRfQ1VTVE9NRVJfQllfSUQifSx7ImF1dGhvcml0eSI6IkdFVF9PUkRFUlNfQllfU0hJUFBJTkdfREFURSJ9LHsiYXV0aG9yaXR5IjoiVVBEQVRFX0lURU0ifV19.MbnB2P1Gsu4Tmzldm0DwvoJsdDL8yJvhBncKvLwqg4nrRzK_Q24tzxLV4m8FRDcPglW4ONNXkL5PaZnvljcTS failed : JWT signature does not match locally computed signature. JWT validity cannot be asserted and should not be trusted.
2021-05-04 09:01:48.443  INFO 5416 --- [http-nio-5050-exec-9] b.w.t.a.controllers.CustomerController   : An admin is requesting to view all customers
2021-05-04 15:54:13.575  INFO 14120 --- [main] be.willekens.template.Application        : Starting Application using Java 15.0.2 on FIN-CBQMTT2 with PID 14120 (C:\_development\.projects\template\application\target\classes started by rwilleke in C:\_development\.projects\template)
2021-05-04 15:54:13.580  INFO 14120 --- [main] be.willekens.template.Application        : No active profile set, falling back to default profiles: default
2021-05-04 15:54:16.252  INFO 14120 --- [main] trationDelegate$BeanPostProcessorChecker : Bean 'org.springframework.security.access.expression.method.DefaultMethodSecurityExpressionHandler@d60f2' of type [org.springframework.security.access.expression.method.DefaultMethodSecurityExpressionHandler] is not eligible for getting processed by all BeanPostProcessors (for example: not eligible for auto-proxying)
2021-05-04 15:54:16.276  INFO 14120 --- [main] trationDelegate$BeanPostProcessorChecker : Bean 'methodSecurityMetadataSource' of type [org.springframework.security.access.method.DelegatingMethodSecurityMetadataSource] is not eligible for getting processed by all BeanPostProcessors (for example: not eligible for auto-proxying)
2021-05-04 15:54:16.824  INFO 14120 --- [main] o.s.b.w.embedded.tomcat.TomcatWebServer  : Tomcat initialized with port(s): 5050 (http)
2021-05-04 15:54:16.844  INFO 14120 --- [main] o.apache.catalina.core.StandardService   : Starting service [Tomcat]
2021-05-04 15:54:16.845  INFO 14120 --- [main] org.apache.catalina.core.StandardEngine  : Starting Servlet engine: [Apache Tomcat/9.0.43]
2021-05-04 15:54:17.000  INFO 14120 --- [main] o.a.c.c.C.[Tomcat].[localhost].[/]       : Initializing Spring embedded WebApplicationContext
2021-05-04 15:54:17.002  INFO 14120 --- [main] w.s.c.ServletWebServerApplicationContext : Root WebApplicationContext: initialization completed in 3242 ms
2021-05-04 15:54:18.193  INFO 14120 --- [main] o.s.s.web.DefaultSecurityFilterChain     : Will secure any request with [org.springframework.security.web.context.request.async.WebAsyncManagerIntegrationFilter@1d8f2f2, org.springframework.security.web.context.SecurityContextPersistenceFilter@472300, org.springframework.security.web.header.HeaderWriterFilter@1ac9ebd, org.springframework.web.filter.CorsFilter@1476233, org.springframework.security.web.authentication.logout.LogoutFilter@17b3b2e, be.willekens.template.security.JwtAuthenticationFilter@fb989b, be.willekens.template.security.JwtAuthorizationFilter@1235e8e, org.springframework.security.web.savedrequest.RequestCacheAwareFilter@26b70f, org.springframework.security.web.servletapi.SecurityContextHolderAwareRequestFilter@ee2e10, org.springframework.security.web.authentication.AnonymousAuthenticationFilter@17a7afa, org.springframework.security.web.session.SessionManagementFilter@1ead7e, org.springframework.security.web.access.ExceptionTranslationFilter@d0ecd7, org.springframework.security.web.access.intercept.FilterSecurityInterceptor@8904e8]
2021-05-04 15:54:18.252  INFO 14120 --- [main] o.s.s.concurrent.ThreadPoolTaskExecutor  : Initializing ExecutorService 'applicationTaskExecutor'
2021-05-04 15:54:18.488  INFO 14120 --- [main] o.s.b.w.embedded.tomcat.TomcatWebServer  : Tomcat started on port(s): 5050 (http) with context path ''
2021-05-04 15:54:19.008  INFO 14120 --- [main] be.willekens.template.Application        : Started Application in 6.716 seconds (JVM running for 10.977)
